2025-07-31 10:11:16,413 - INFO - Processing: C:\Users\remov\workspace\bass-remover\test\Republic A 67 es Út.mp3
2025-07-31 10:11:16,414 - INFO - Initializing Spleeter separator...
2025-07-31 10:11:16,496 - INFO - Spleeter separator initialized successfully
2025-07-31 10:11:16,497 - INFO - Running Spleeter separation...
2025-07-31 10:11:18,360 - INFO - Using config: {'_model_dir': 'pretrained_models\\4stems', '_tf_random_seed': None, '_save_summary_steps': 100, '_save_checkpoints_steps': None, '_save_checkpoints_secs': 600, '_session_config': gpu_options {
  per_process_gpu_memory_fraction: 0.7
}
, '_keep_checkpoint_max': 5, '_keep_checkpoint_every_n_hours': 10000, '_log_step_count_steps': 100, '_train_distribute': None, '_device_fn': None, '_protocol': None, '_eval_distribute': None, '_experimental_distribute': None, '_experimental_max_worker_delay_secs': None, '_session_creation_timeout_secs': 7200, '_checkpoint_save_graph_def': True, '_service': None, '_cluster_spec': ClusterSpec({}), '_task_type': 'worker', '_task_id': 0, '_global_id_in_cluster': 0, '_master': '', '_evaluation_master': '', '_is_chief': True, '_num_ps_replicas': 0, '_num_worker_replicas': 1}
2025-07-31 10:11:18,381 - WARNING - From C:\Users\remov\.pyenv\pyenv-win\versions\3.10.0\lib\site-packages\spleeter\separator.py:146: calling DatasetV2.from_generator (from tensorflow.python.data.ops.dataset_ops) with output_types is deprecated and will be removed in a future version.
Instructions for updating:
Use output_signature instead
2025-07-31 10:11:18,386 - WARNING - From C:\Users\remov\.pyenv\pyenv-win\versions\3.10.0\lib\site-packages\spleeter\separator.py:146: calling DatasetV2.from_generator (from tensorflow.python.data.ops.dataset_ops) with output_shapes is deprecated and will be removed in a future version.
Instructions for updating:
Use output_signature instead
2025-07-31 10:11:18,461 - INFO - Calling model_fn.
2025-07-31 10:11:21,053 - INFO - Apply unet for vocals_spectrogram
2025-07-31 10:11:21,228 - WARNING - From C:\Users\remov\.pyenv\pyenv-win\versions\3.10.0\lib\site-packages\keras\layers\normalization\batch_normalization.py:514: _colocate_with (from tensorflow.python.framework.ops) is deprecated and will be removed in a future version.
Instructions for updating:
Colocations handled automatically by placer.
2025-07-31 10:11:23,415 - INFO - Apply unet for drums_spectrogram
2025-07-31 10:11:25,556 - INFO - Apply unet for bass_spectrogram
2025-07-31 10:11:27,701 - INFO - Apply unet for other_spectrogram
2025-07-31 10:11:30,747 - INFO - Done calling model_fn.
2025-07-31 10:11:31,935 - INFO - Graph was finalized.
2025-07-31 10:11:31,937 - INFO - Restoring parameters from pretrained_models\4stems\model
2025-07-31 10:11:33,421 - INFO - Running local_init_op.
2025-07-31 10:11:33,543 - INFO - Done running local_init_op.
2025-07-31 10:16:08,527 - INFO - Processing: C:\Users\remov\workspace\bass-remover\test\Republic A 67 es Út.mp3
2025-07-31 10:16:08,533 - INFO - Initializing Spleeter separator...
2025-07-31 10:16:08,690 - INFO - Spleeter separator initialized successfully
2025-07-31 10:16:08,690 - INFO - Running Spleeter separation...
2025-07-31 10:16:11,490 - INFO - Using config: {'_model_dir': 'pretrained_models\\4stems', '_tf_random_seed': None, '_save_summary_steps': 100, '_save_checkpoints_steps': None, '_save_checkpoints_secs': 600, '_session_config': gpu_options {
  per_process_gpu_memory_fraction: 0.7
}
, '_keep_checkpoint_max': 5, '_keep_checkpoint_every_n_hours': 10000, '_log_step_count_steps': 100, '_train_distribute': None, '_device_fn': None, '_protocol': None, '_eval_distribute': None, '_experimental_distribute': None, '_experimental_max_worker_delay_secs': None, '_session_creation_timeout_secs': 7200, '_checkpoint_save_graph_def': True, '_service': None, '_cluster_spec': ClusterSpec({}), '_task_type': 'worker', '_task_id': 0, '_global_id_in_cluster': 0, '_master': '', '_evaluation_master': '', '_is_chief': True, '_num_ps_replicas': 0, '_num_worker_replicas': 1}
2025-07-31 10:16:11,547 - WARNING - From C:\Users\remov\.pyenv\pyenv-win\versions\3.10.0\lib\site-packages\spleeter\separator.py:146: calling DatasetV2.from_generator (from tensorflow.python.data.ops.dataset_ops) with output_types is deprecated and will be removed in a future version.
Instructions for updating:
Use output_signature instead
2025-07-31 10:16:11,559 - WARNING - From C:\Users\remov\.pyenv\pyenv-win\versions\3.10.0\lib\site-packages\spleeter\separator.py:146: calling DatasetV2.from_generator (from tensorflow.python.data.ops.dataset_ops) with output_shapes is deprecated and will be removed in a future version.
Instructions for updating:
Use output_signature instead
2025-07-31 10:16:11,665 - INFO - Calling model_fn.
2025-07-31 10:16:14,705 - INFO - Apply unet for vocals_spectrogram
2025-07-31 10:16:14,964 - WARNING - From C:\Users\remov\.pyenv\pyenv-win\versions\3.10.0\lib\site-packages\keras\layers\normalization\batch_normalization.py:514: _colocate_with (from tensorflow.python.framework.ops) is deprecated and will be removed in a future version.
Instructions for updating:
Colocations handled automatically by placer.
2025-07-31 10:16:17,475 - INFO - Apply unet for drums_spectrogram
2025-07-31 10:16:20,080 - INFO - Apply unet for bass_spectrogram
2025-07-31 10:16:22,443 - INFO - Apply unet for other_spectrogram
2025-07-31 10:16:26,308 - INFO - Done calling model_fn.
2025-07-31 10:16:28,051 - INFO - Graph was finalized.
2025-07-31 10:16:28,064 - INFO - Restoring parameters from pretrained_models\4stems\model
2025-07-31 10:16:32,150 - INFO - Running local_init_op.
2025-07-31 10:16:32,354 - INFO - Done running local_init_op.
2025-07-31 10:19:08,179 - INFO - Processing: C:\Users\remov\workspace\bass-remover\test\Republic Ha Itt Lennél Velem.mp3
2025-07-31 10:19:08,179 - INFO - Initializing Spleeter separator...
2025-07-31 10:19:08,277 - INFO - Spleeter separator initialized successfully
2025-07-31 10:19:08,277 - INFO - Running Spleeter separation...
2025-07-31 10:19:10,332 - INFO - Using config: {'_model_dir': 'pretrained_models\\4stems', '_tf_random_seed': None, '_save_summary_steps': 100, '_save_checkpoints_steps': None, '_save_checkpoints_secs': 600, '_session_config': gpu_options {
  per_process_gpu_memory_fraction: 0.7
}
, '_keep_checkpoint_max': 5, '_keep_checkpoint_every_n_hours': 10000, '_log_step_count_steps': 100, '_train_distribute': None, '_device_fn': None, '_protocol': None, '_eval_distribute': None, '_experimental_distribute': None, '_experimental_max_worker_delay_secs': None, '_session_creation_timeout_secs': 7200, '_checkpoint_save_graph_def': True, '_service': None, '_cluster_spec': ClusterSpec({}), '_task_type': 'worker', '_task_id': 0, '_global_id_in_cluster': 0, '_master': '', '_evaluation_master': '', '_is_chief': True, '_num_ps_replicas': 0, '_num_worker_replicas': 1}
2025-07-31 10:19:10,379 - WARNING - From C:\Users\remov\.pyenv\pyenv-win\versions\3.10.0\lib\site-packages\spleeter\separator.py:146: calling DatasetV2.from_generator (from tensorflow.python.data.ops.dataset_ops) with output_types is deprecated and will be removed in a future version.
Instructions for updating:
Use output_signature instead
2025-07-31 10:19:10,379 - WARNING - From C:\Users\remov\.pyenv\pyenv-win\versions\3.10.0\lib\site-packages\spleeter\separator.py:146: calling DatasetV2.from_generator (from tensorflow.python.data.ops.dataset_ops) with output_shapes is deprecated and will be removed in a future version.
Instructions for updating:
Use output_signature instead
2025-07-31 10:19:10,492 - INFO - Calling model_fn.
2025-07-31 10:19:13,482 - INFO - Apply unet for vocals_spectrogram
2025-07-31 10:19:13,707 - WARNING - From C:\Users\remov\.pyenv\pyenv-win\versions\3.10.0\lib\site-packages\keras\layers\normalization\batch_normalization.py:514: _colocate_with (from tensorflow.python.framework.ops) is deprecated and will be removed in a future version.
Instructions for updating:
Colocations handled automatically by placer.
2025-07-31 10:19:16,158 - INFO - Apply unet for drums_spectrogram
2025-07-31 10:19:18,697 - INFO - Apply unet for bass_spectrogram
2025-07-31 10:19:21,106 - INFO - Apply unet for other_spectrogram
2025-07-31 10:19:24,957 - INFO - Done calling model_fn.
2025-07-31 10:19:26,103 - INFO - Graph was finalized.
2025-07-31 10:19:26,133 - INFO - Restoring parameters from pretrained_models\4stems\model
2025-07-31 10:19:27,828 - INFO - Running local_init_op.
2025-07-31 10:19:27,943 - INFO - Done running local_init_op.
2025-07-31 10:22:36,053 - INFO - Processing: test\Republic A 67 es Út.mp3
2025-07-31 10:22:36,053 - INFO - Initializing Spleeter separator...
2025-07-31 10:22:36,171 - INFO - Spleeter separator initialized successfully
2025-07-31 10:22:36,171 - INFO - Running Spleeter separation...
2025-07-31 10:22:38,445 - INFO - Using config: {'_model_dir': 'pretrained_models\\4stems', '_tf_random_seed': None, '_save_summary_steps': 100, '_save_checkpoints_steps': None, '_save_checkpoints_secs': 600, '_session_config': gpu_options {
  per_process_gpu_memory_fraction: 0.7
}
, '_keep_checkpoint_max': 5, '_keep_checkpoint_every_n_hours': 10000, '_log_step_count_steps': 100, '_train_distribute': None, '_device_fn': None, '_protocol': None, '_eval_distribute': None, '_experimental_distribute': None, '_experimental_max_worker_delay_secs': None, '_session_creation_timeout_secs': 7200, '_checkpoint_save_graph_def': True, '_service': None, '_cluster_spec': ClusterSpec({}), '_task_type': 'worker', '_task_id': 0, '_global_id_in_cluster': 0, '_master': '', '_evaluation_master': '', '_is_chief': True, '_num_ps_replicas': 0, '_num_worker_replicas': 1}
2025-07-31 10:22:38,514 - WARNING - From C:\Users\remov\.pyenv\pyenv-win\versions\3.10.0\lib\site-packages\spleeter\separator.py:146: calling DatasetV2.from_generator (from tensorflow.python.data.ops.dataset_ops) with output_types is deprecated and will be removed in a future version.
Instructions for updating:
Use output_signature instead
2025-07-31 10:22:38,525 - WARNING - From C:\Users\remov\.pyenv\pyenv-win\versions\3.10.0\lib\site-packages\spleeter\separator.py:146: calling DatasetV2.from_generator (from tensorflow.python.data.ops.dataset_ops) with output_shapes is deprecated and will be removed in a future version.
Instructions for updating:
Use output_signature instead
2025-07-31 10:22:38,640 - INFO - Calling model_fn.
2025-07-31 10:22:42,065 - INFO - Apply unet for vocals_spectrogram
2025-07-31 10:22:42,295 - WARNING - From C:\Users\remov\.pyenv\pyenv-win\versions\3.10.0\lib\site-packages\keras\layers\normalization\batch_normalization.py:514: _colocate_with (from tensorflow.python.framework.ops) is deprecated and will be removed in a future version.
Instructions for updating:
Colocations handled automatically by placer.
2025-07-31 10:22:44,948 - INFO - Apply unet for drums_spectrogram
2025-07-31 10:22:47,442 - INFO - Apply unet for bass_spectrogram
2025-07-31 10:22:49,975 - INFO - Apply unet for other_spectrogram
2025-07-31 10:22:52,455 - INFO - Done calling model_fn.
2025-07-31 10:22:53,116 - INFO - Graph was finalized.
2025-07-31 10:22:53,123 - INFO - Restoring parameters from pretrained_models\4stems\model
2025-07-31 10:22:54,625 - INFO - Running local_init_op.
2025-07-31 10:22:54,711 - INFO - Done running local_init_op.
2025-07-31 10:26:07,718 - INFO - Processing: test\Republic A 67 es Út.mp3
2025-07-31 10:26:07,718 - INFO - Initializing Spleeter separator...
2025-07-31 10:26:07,841 - INFO - Spleeter separator initialized successfully
2025-07-31 10:26:07,842 - INFO - Running Spleeter separation...
2025-07-31 10:26:10,277 - INFO - Using config: {'_model_dir': 'pretrained_models\\4stems', '_tf_random_seed': None, '_save_summary_steps': 100, '_save_checkpoints_steps': None, '_save_checkpoints_secs': 600, '_session_config': gpu_options {
  per_process_gpu_memory_fraction: 0.7
}
, '_keep_checkpoint_max': 5, '_keep_checkpoint_every_n_hours': 10000, '_log_step_count_steps': 100, '_train_distribute': None, '_device_fn': None, '_protocol': None, '_eval_distribute': None, '_experimental_distribute': None, '_experimental_max_worker_delay_secs': None, '_session_creation_timeout_secs': 7200, '_checkpoint_save_graph_def': True, '_service': None, '_cluster_spec': ClusterSpec({}), '_task_type': 'worker', '_task_id': 0, '_global_id_in_cluster': 0, '_master': '', '_evaluation_master': '', '_is_chief': True, '_num_ps_replicas': 0, '_num_worker_replicas': 1}
2025-07-31 10:26:10,329 - WARNING - From C:\Users\remov\.pyenv\pyenv-win\versions\3.10.0\lib\site-packages\spleeter\separator.py:146: calling DatasetV2.from_generator (from tensorflow.python.data.ops.dataset_ops) with output_types is deprecated and will be removed in a future version.
Instructions for updating:
Use output_signature instead
2025-07-31 10:26:10,342 - WARNING - From C:\Users\remov\.pyenv\pyenv-win\versions\3.10.0\lib\site-packages\spleeter\separator.py:146: calling DatasetV2.from_generator (from tensorflow.python.data.ops.dataset_ops) with output_shapes is deprecated and will be removed in a future version.
Instructions for updating:
Use output_signature instead
2025-07-31 10:26:10,438 - INFO - Calling model_fn.
2025-07-31 10:26:15,196 - INFO - Apply unet for vocals_spectrogram
2025-07-31 10:26:15,423 - WARNING - From C:\Users\remov\.pyenv\pyenv-win\versions\3.10.0\lib\site-packages\keras\layers\normalization\batch_normalization.py:514: _colocate_with (from tensorflow.python.framework.ops) is deprecated and will be removed in a future version.
Instructions for updating:
Colocations handled automatically by placer.
2025-07-31 10:26:18,171 - INFO - Apply unet for drums_spectrogram
2025-07-31 10:26:20,636 - INFO - Apply unet for bass_spectrogram
2025-07-31 10:26:23,234 - INFO - Apply unet for other_spectrogram
2025-07-31 10:26:26,590 - INFO - Done calling model_fn.
2025-07-31 10:26:27,890 - INFO - Graph was finalized.
2025-07-31 10:26:27,893 - INFO - Restoring parameters from pretrained_models\4stems\model
2025-07-31 10:26:29,877 - INFO - Running local_init_op.
2025-07-31 10:26:30,022 - INFO - Done running local_init_op.
2025-07-31 10:28:06,748 - INFO - Spleeter separation completed successfully
2025-07-31 10:28:06,748 - INFO - Separation completed. Mixing tracks...
2025-07-31 10:28:20,070 - INFO - Successfully created output files for test\Republic A 67 es Út.mp3
2025-07-31 10:28:20,072 - INFO - Cleaning up temporary files...
2025-07-31 10:28:20,116 - INFO - Temporary files cleaned up successfully
2025-07-31 10:28:20,122 - INFO - Processing: test\Republic Ha Itt Lennél Velem.mp3
2025-07-31 10:28:20,122 - INFO - Initializing Spleeter separator...
2025-07-31 10:28:20,306 - INFO - Spleeter separator initialized successfully
2025-07-31 10:28:20,306 - INFO - Running Spleeter separation...
2025-07-31 10:28:21,818 - INFO - Using config: {'_model_dir': 'pretrained_models\\4stems', '_tf_random_seed': None, '_save_summary_steps': 100, '_save_checkpoints_steps': None, '_save_checkpoints_secs': 600, '_session_config': gpu_options {
  per_process_gpu_memory_fraction: 0.7
}
, '_keep_checkpoint_max': 5, '_keep_checkpoint_every_n_hours': 10000, '_log_step_count_steps': 100, '_train_distribute': None, '_device_fn': None, '_protocol': None, '_eval_distribute': None, '_experimental_distribute': None, '_experimental_max_worker_delay_secs': None, '_session_creation_timeout_secs': 7200, '_checkpoint_save_graph_def': True, '_service': None, '_cluster_spec': ClusterSpec({}), '_task_type': 'worker', '_task_id': 0, '_global_id_in_cluster': 0, '_master': '', '_evaluation_master': '', '_is_chief': True, '_num_ps_replicas': 0, '_num_worker_replicas': 1}
2025-07-31 10:28:23,225 - ERROR - Failed to perform Spleeter separation for test\Republic Ha Itt Lennél Velem.mp3: 'NoneType' object has no attribute 'shape_and_type'
2025-07-31 10:28:23,225 - INFO - Processing: test\Republic Hozd El Azt A Napot.mp3
2025-07-31 10:28:23,225 - INFO - Initializing Spleeter separator...
2025-07-31 10:28:23,395 - INFO - Spleeter separator initialized successfully
2025-07-31 10:28:23,395 - INFO - Running Spleeter separation...
2025-07-31 10:28:24,918 - INFO - Using config: {'_model_dir': 'pretrained_models\\4stems', '_tf_random_seed': None, '_save_summary_steps': 100, '_save_checkpoints_steps': None, '_save_checkpoints_secs': 600, '_session_config': gpu_options {
  per_process_gpu_memory_fraction: 0.7
}
, '_keep_checkpoint_max': 5, '_keep_checkpoint_every_n_hours': 10000, '_log_step_count_steps': 100, '_train_distribute': None, '_device_fn': None, '_protocol': None, '_eval_distribute': None, '_experimental_distribute': None, '_experimental_max_worker_delay_secs': None, '_session_creation_timeout_secs': 7200, '_checkpoint_save_graph_def': True, '_service': None, '_cluster_spec': ClusterSpec({}), '_task_type': 'worker', '_task_id': 0, '_global_id_in_cluster': 0, '_master': '', '_evaluation_master': '', '_is_chief': True, '_num_ps_replicas': 0, '_num_worker_replicas': 1}
2025-07-31 10:28:25,080 - INFO - Calling model_fn.
2025-07-31 10:28:25,441 - INFO - Apply unet for vocals_spectrogram
2025-07-31 10:28:29,057 - INFO - Apply unet for drums_spectrogram
2025-07-31 10:28:32,132 - INFO - Apply unet for bass_spectrogram
2025-07-31 10:28:35,877 - INFO - Apply unet for other_spectrogram
2025-07-31 10:28:41,057 - INFO - Done calling model_fn.
2025-07-31 10:28:43,377 - INFO - Graph was finalized.
2025-07-31 10:28:43,446 - INFO - Restoring parameters from pretrained_models\4stems\model
2025-07-31 10:28:47,011 - INFO - Running local_init_op.
2025-07-31 10:28:47,250 - INFO - Done running local_init_op.
2025-07-31 10:29:39,119 - INFO - Spleeter separation completed successfully
2025-07-31 10:29:39,126 - INFO - Separation completed. Mixing tracks...
2025-07-31 10:29:50,304 - INFO - Successfully created output files for test\Republic Hozd El Azt A Napot.mp3
2025-07-31 10:29:50,304 - INFO - Cleaning up temporary files...
2025-07-31 10:29:50,336 - INFO - Temporary files cleaned up successfully
2025-07-31 10:29:50,336 - INFO - Processing completed. Successful: 3, Failed: 0
